[2021-05-13 12:41:38 INFO]: install::setup-logging ended
================
[2021-05-13 12:41:38 INFO]: install::start-up started
[2021-05-13 12:41:38 INFO]: install::start-up starting services
[2021-05-13 12:41:38 INFO]: install::decompress started
[2021-05-13 12:41:38 INFO]: install::decompress changing directory to mq-srv
[2021-05-13 12:41:38 INFO]: install::decompress decompress mq-srv/data_dump.tar.gz 
[2021-05-13 12:41:38 INFO]: install::decompress removing data_dump.tar.gz 
[2021-05-13 12:41:38 INFO]: install::decompress changing directory back
[2021-05-13 12:41:38 INFO]: install::decompress ended
================
[2021-05-13 12:41:38 INFO]: install::decompress started
[2021-05-13 12:41:38 INFO]: install::decompress changing directory to mq-srv
[2021-05-13 12:41:38 INFO]: install::decompress decompress mq-srv/log.tar.gz 
[2021-05-13 12:41:38 INFO]: install::decompress removing log.tar.gz 
[2021-05-13 12:41:38 INFO]: install::decompress changing directory back
[2021-05-13 12:41:38 INFO]: install::decompress ended
================
[2021-05-13 12:41:38 INFO]: install::decompress ended
================
